2020-06-17 15:43:11 [http-nio-8080-exec-10] INFO  userAction - {"data":{"author":" [美] Randal E. Bryant / [美] David R. O'Hallaron ","price":128.00,"publisher":"  机械工业出版社 ","category":1,"bookName":"深入理解计算机系统（英文版·第2版）","bookId":1458},"type":"search","username":"lightfall"}
2020-06-17 15:43:11 [http-nio-8080-exec-10] INFO  userAction - {"data":{"author":" （美）Randal E.Bryant / David O'Hallaron / 龚奕利 / 雷迎春 ","price":99.00,"publisher":"  机械工业出版社 ","category":1,"bookName":"深入理解计算机系统（原书第2版）","bookId":1461},"type":"search","username":"lightfall"}
2020-06-17 15:43:11 [http-nio-8080-exec-10] INFO  userAction - {"data":{"author":" （美）Randal E.Bryant, David R.O'Hallaron ","price":89.00,"publisher":"  电子工业出版社 ","category":1,"bookName":"深入理解计算机系统","bookId":1463},"type":"search","username":"lightfall"}
2020-06-17 15:49:13 [http-nio-8080-exec-7] INFO  userAction - {"data":{"author":" [美] Randal E. Bryant / [美] David R. O'Hallaron ","price":128.00,"publisher":"  机械工业出版社 ","category":1,"bookName":"深入理解计算机系统（英文版·第2版）","bookId":1458},"type":"search","username":"lightfall"}
2020-06-17 15:49:13 [http-nio-8080-exec-7] INFO  userAction - {"data":{"author":" （美）Randal E.Bryant / David O'Hallaron / 龚奕利 / 雷迎春 ","price":99.00,"publisher":"  机械工业出版社 ","category":1,"bookName":"深入理解计算机系统（原书第2版）","bookId":1461},"type":"search","username":"lightfall"}
2020-06-17 15:49:13 [http-nio-8080-exec-7] INFO  userAction - {"data":{"author":" （美）Randal E.Bryant, David R.O'Hallaron ","price":89.00,"publisher":"  电子工业出版社 ","category":1,"bookName":"深入理解计算机系统","bookId":1463},"type":"search","username":"lightfall"}
2020-06-17 15:59:50 [http-nio-8080-exec-4] INFO  userAction - {"data":{"author":" [美] Randal E. Bryant / [美] David R. O'Hallaron ","price":128.00,"publisher":"  机械工业出版社 ","category":1,"bookName":"深入理解计算机系统（英文版·第2版）","bookId":1458},"type":"search","username":"lightfall"}
2020-06-17 15:59:50 [http-nio-8080-exec-4] INFO  userAction - {"data":{"author":" （美）Randal E.Bryant / David O'Hallaron / 龚奕利 / 雷迎春 ","price":99.00,"publisher":"  机械工业出版社 ","category":1,"bookName":"深入理解计算机系统（原书第2版）","bookId":1461},"type":"search","username":"lightfall"}
2020-06-17 15:59:50 [http-nio-8080-exec-4] INFO  userAction - {"data":{"author":" （美）Randal E.Bryant, David R.O'Hallaron ","price":89.00,"publisher":"  电子工业出版社 ","category":1,"bookName":"深入理解计算机系统","bookId":1463},"type":"search","username":"lightfall"}
2020-06-17 16:00:25 [http-nio-8080-exec-10] INFO  userAction - {"data":{"author":" [美] Randal E. Bryant / [美] David R. O'Hallaron ","price":128.00,"publisher":"  机械工业出版社 ","category":1,"bookName":"深入理解计算机系统（英文版·第2版）","bookId":1458},"type":"search","username":"root"}
2020-06-17 16:00:25 [http-nio-8080-exec-10] INFO  userAction - {"data":{"author":" （美）Randal E.Bryant / David O'Hallaron / 龚奕利 / 雷迎春 ","price":99.00,"publisher":"  机械工业出版社 ","category":1,"bookName":"深入理解计算机系统（原书第2版）","bookId":1461},"type":"search","username":"root"}
2020-06-17 16:00:25 [http-nio-8080-exec-10] INFO  userAction - {"data":{"author":" （美）Randal E.Bryant, David R.O'Hallaron ","price":89.00,"publisher":"  电子工业出版社 ","category":1,"bookName":"深入理解计算机系统","bookId":1463},"type":"search","username":"root"}
2020-06-17 16:01:44 [http-nio-8080-exec-5] INFO  userAction - {"data":{"author":" [美] Randal E. Bryant / [美] David R. O'Hallaron ","price":128.00,"publisher":"  机械工业出版社 ","category":1,"bookName":"深入理解计算机系统（英文版·第2版）","bookId":1458},"type":"search","username":"lightfall"}
2020-06-17 16:01:44 [http-nio-8080-exec-5] INFO  userAction - {"data":{"author":" （美）Randal E.Bryant / David O'Hallaron / 龚奕利 / 雷迎春 ","price":99.00,"publisher":"  机械工业出版社 ","category":1,"bookName":"深入理解计算机系统（原书第2版）","bookId":1461},"type":"search","username":"lightfall"}
2020-06-17 16:01:44 [http-nio-8080-exec-5] INFO  userAction - {"data":{"author":" （美）Randal E.Bryant, David R.O'Hallaron ","price":89.00,"publisher":"  电子工业出版社 ","category":1,"bookName":"深入理解计算机系统","bookId":1463},"type":"search","username":"lightfall"}
2020-06-17 16:02:36 [http-nio-8080-exec-7] INFO  userAction - {"data":{"author":" [美] Randal E. Bryant / [美] David R. O'Hallaron ","price":128.00,"publisher":"  机械工业出版社 ","category":1,"bookName":"深入理解计算机系统（英文版·第2版）","bookId":1458},"type":"search","username":"root"}
2020-06-17 16:02:36 [http-nio-8080-exec-7] INFO  userAction - {"data":{"author":" （美）Randal E.Bryant / David O'Hallaron / 龚奕利 / 雷迎春 ","price":99.00,"publisher":"  机械工业出版社 ","category":1,"bookName":"深入理解计算机系统（原书第2版）","bookId":1461},"type":"search","username":"root"}
2020-06-17 16:02:36 [http-nio-8080-exec-7] INFO  userAction - {"data":{"author":" （美）Randal E.Bryant, David R.O'Hallaron ","price":89.00,"publisher":"  电子工业出版社 ","category":1,"bookName":"深入理解计算机系统","bookId":1463},"type":"search","username":"root"}
2020-06-17 16:05:00 [http-nio-8080-exec-9] INFO  userAction - {"data":{"author":" [美] Randal E. Bryant / [美] David R. O'Hallaron ","price":128.00,"publisher":"  机械工业出版社 ","category":1,"bookName":"深入理解计算机系统（英文版·第2版）","bookId":1458},"type":"search","username":"root"}
2020-06-17 16:05:00 [http-nio-8080-exec-9] INFO  userAction - {"data":{"author":" （美）Randal E.Bryant / David O'Hallaron / 龚奕利 / 雷迎春 ","price":99.00,"publisher":"  机械工业出版社 ","category":1,"bookName":"深入理解计算机系统（原书第2版）","bookId":1461},"type":"search","username":"root"}
2020-06-17 16:05:00 [http-nio-8080-exec-9] INFO  userAction - {"data":{"author":" （美）Randal E.Bryant, David R.O'Hallaron ","price":89.00,"publisher":"  电子工业出版社 ","category":1,"bookName":"深入理解计算机系统","bookId":1463},"type":"search","username":"root"}
2020-06-17 16:05:48 [http-nio-8080-exec-7] INFO  userAction - {"data":{"author":" [美] Randal E. Bryant / [美] David R. O'Hallaron ","price":128.00,"publisher":"  机械工业出版社 ","category":1,"bookName":"深入理解计算机系统（英文版·第2版）","bookId":1458},"type":"search","username":"root"}
2020-06-17 16:05:48 [http-nio-8080-exec-7] INFO  userAction - {"data":{"author":" （美）Randal E.Bryant / David O'Hallaron / 龚奕利 / 雷迎春 ","price":99.00,"publisher":"  机械工业出版社 ","category":1,"bookName":"深入理解计算机系统（原书第2版）","bookId":1461},"type":"search","username":"root"}
2020-06-17 16:05:48 [http-nio-8080-exec-7] INFO  userAction - {"data":{"author":" （美）Randal E.Bryant, David R.O'Hallaron ","price":89.00,"publisher":"  电子工业出版社 ","category":1,"bookName":"深入理解计算机系统","bookId":1463},"type":"search","username":"root"}
2020-06-17 16:08:29 [http-nio-8080-exec-7] INFO  userAction - {"data":{"author":" [美] Randal E. Bryant / [美] David R. O'Hallaron ","price":128.00,"publisher":"  机械工业出版社 ","category":1,"bookName":"深入理解计算机系统（英文版·第2版）","bookId":1458},"type":"search","username":"root"}
2020-06-17 16:08:29 [http-nio-8080-exec-7] INFO  userAction - {"data":{"author":" （美）Randal E.Bryant / David O'Hallaron / 龚奕利 / 雷迎春 ","price":99.00,"publisher":"  机械工业出版社 ","category":1,"bookName":"深入理解计算机系统（原书第2版）","bookId":1461},"type":"search","username":"root"}
2020-06-17 16:08:29 [http-nio-8080-exec-7] INFO  userAction - {"data":{"author":" （美）Randal E.Bryant, David R.O'Hallaron ","price":89.00,"publisher":"  电子工业出版社 ","category":1,"bookName":"深入理解计算机系统","bookId":1463},"type":"search","username":"root"}
2020-06-17 16:48:12 [http-nio-8080-exec-2] INFO  userAction - {"data":{"author":" [美] Randal E. Bryant / [美] David R. O'Hallaron ","price":128.00,"publisher":"  机械工业出版社 ","category":1,"bookName":"深入理解计算机系统（英文版·第2版）","bookId":1458},"type":"search","username":"root"}
2020-06-17 16:48:12 [http-nio-8080-exec-2] INFO  userAction - {"data":{"author":" （美）Randal E.Bryant / David O'Hallaron / 龚奕利 / 雷迎春 ","price":99.00,"publisher":"  机械工业出版社 ","category":1,"bookName":"深入理解计算机系统（原书第2版）","bookId":1461},"type":"search","username":"root"}
2020-06-17 16:48:12 [http-nio-8080-exec-2] INFO  userAction - {"data":{"author":" （美）Randal E.Bryant, David R.O'Hallaron ","price":89.00,"publisher":"  电子工业出版社 ","category":1,"bookName":"深入理解计算机系统","bookId":1463},"type":"search","username":"root"}
2020-06-17 16:56:43 [http-nio-8080-exec-2] INFO  userAction - {"data":{"author":" [美] Randal E. Bryant / [美] David R. O'Hallaron ","price":128.00,"publisher":"  机械工业出版社 ","category":1,"bookName":"深入理解计算机系统（英文版·第2版）","bookId":1458},"type":"search","username":"lightfall"}
2020-06-17 16:56:43 [http-nio-8080-exec-2] INFO  userAction - {"data":{"author":" （美）Randal E.Bryant / David O'Hallaron / 龚奕利 / 雷迎春 ","price":99.00,"publisher":"  机械工业出版社 ","category":1,"bookName":"深入理解计算机系统（原书第2版）","bookId":1461},"type":"search","username":"lightfall"}
2020-06-17 16:56:43 [http-nio-8080-exec-2] INFO  userAction - {"data":{"author":" （美）Randal E.Bryant, David R.O'Hallaron ","price":89.00,"publisher":"  电子工业出版社 ","category":1,"bookName":"深入理解计算机系统","bookId":1463},"type":"search","username":"lightfall"}
